load_categories DONE

load_google_json DONE

==BEGIN Audio======================================
        ==BEGIN audio accessories================================
        ==END audio accessories==================================
        ==BEGIN audio components================================
        ==END audio components==================================
        ==BEGIN audio players & recorders================================
        ==END audio players & recorders==================================
        ==BEGIN bullhorns================================
        ==END bullhorns==================================
        ==BEGIN dj & specialty audio================================
        ==END dj & specialty audio==================================
        ==BEGIN public address systems================================
        ==END public address systems==================================
        ==BEGIN stage equipment================================
        ==END stage equipment==================================
        ==BEGIN audio & video receiver accessories================================
        ==END audio & video receiver accessories==================================
==END Audio========================================
==BEGIN Arcade Equipment======================================
        ==BEGIN basketball arcade games================================
        ==END basketball arcade games==================================
        ==BEGIN pinball machine accessories================================
        ==END pinball machine accessories==================================
        ==BEGIN pinball machines================================
        ==END pinball machines==================================
        ==BEGIN skee-ball machines================================
        ==END skee-ball machines==================================
        ==BEGIN video game arcade cabinet accessories================================
        ==END video game arcade cabinet accessories==================================
        ==BEGIN video game arcade cabinets================================
        ==END video game arcade cabinets==================================
==END Arcade Equipment========================================
==BEGIN Computers======================================
        ==BEGIN barebone computers================================
        ==END barebone computers==================================
        ==BEGIN computer servers================================
        ==END computer servers==================================
        ==BEGIN desktop computers================================
        ==END desktop computers==================================
        ==BEGIN handheld devices================================
        ==END handheld devices==================================
        ==BEGIN interactive kiosks================================
        ==END interactive kiosks==================================
        ==BEGIN laptops================================
        ==END laptops==================================
        ==BEGIN smart glasses================================
        ==END smart glasses==================================
        ==BEGIN tablet computers================================
        ==END tablet computers==================================
==END Computers========================================
==BEGIN Circuit Boards & Components======================================
        ==BEGIN circuit board accessories================================
        ==END circuit board accessories==================================
        ==BEGIN circuit decoders & encoders================================
        ==END circuit decoders & encoders==================================
        ==BEGIN circuit prototyping================================
        ==END circuit prototyping==================================
        ==BEGIN electronic filters================================
        ==END electronic filters==================================
        ==BEGIN passive circuit components================================
        ==END passive circuit components==================================
        ==BEGIN printed circuit boards================================
        ==END printed circuit boards==================================
        ==BEGIN semiconductors================================
        ==END semiconductors==================================
        ==BEGIN breadboards================================
        ==END breadboards==================================
==END Circuit Boards & Components========================================
==BEGIN Video======================================
        ==BEGIN computer monitors================================
        ==END computer monitors==================================
        ==BEGIN projectors================================
        ==END projectors==================================
        ==BEGIN satellite & cable tv================================
        ==END satellite & cable tv==================================
        ==BEGIN televisions================================
        ==END televisions==================================
        ==BEGIN video accessories================================
        ==END video accessories==================================
        ==BEGIN video editing hardware & production equipment================================
        ==END video editing hardware & production equipment==================================
        ==BEGIN video multiplexers================================
        ==END video multiplexers==================================
        ==BEGIN video players & recorders================================
        ==END video players & recorders==================================
==END Video========================================
==BEGIN Hobbies & Creative Arts======================================
        ==BEGIN arts & crafts================================
        ==END arts & crafts==================================
        ==BEGIN collectibles================================
        ==END collectibles==================================
        ==BEGIN homebrewing & winemaking supplies================================
        ==END homebrewing & winemaking supplies==================================
        ==BEGIN juggling================================
        ==END juggling==================================
        ==BEGIN magic & novelties================================
        ==END magic & novelties==================================
        ==BEGIN model making================================
        ==END model making==================================
        ==BEGIN musical instrument & orchestra accessories================================
        ==END musical instrument & orchestra accessories==================================
        ==BEGIN musical instruments================================
        ==END musical instruments==================================
==END Hobbies & Creative Arts========================================
==BEGIN Arts & Crafts======================================
        ==BEGIN Arts & Crafts================================
        ==END Arts & Crafts==================================
==END Arts & Crafts========================================
==BEGIN Collectibles======================================
        ==BEGIN autographs================================
        ==END autographs==================================
        ==BEGIN collectible coins & currency================================
        ==END collectible coins & currency==================================
        ==BEGIN collectible trading cards================================
        ==END collectible trading cards==================================
        ==BEGIN collectible weapons================================
        ==END collectible weapons==================================
        ==BEGIN postage stamps================================
        ==END postage stamps==================================
        ==BEGIN rocks & fossils================================
        ==END rocks & fossils==================================
        ==BEGIN scale model accessories================================
        ==END scale model accessories==================================
        ==BEGIN scale models================================
        ==END scale models==================================
==END Collectibles========================================
==BEGIN Musical Instruments======================================
        ==BEGIN accordions & concertinas================================
        ==END accordions & concertinas==================================
        ==BEGIN bagpipes================================
        ==END bagpipes==================================
        ==BEGIN brass instruments================================
        ==END brass instruments==================================
        ==BEGIN electronic musical instruments================================
        ==END electronic musical instruments==================================
        ==BEGIN percussion================================
        ==END percussion==================================
        ==BEGIN pianos================================
        ==END pianos==================================
        ==BEGIN string instruments================================
        ==END string instruments==================================
        ==BEGIN woodwinds================================
        ==END woodwinds==================================
==END Musical Instruments========================================
==BEGIN Party & Celebration======================================
        ==BEGIN gift giving================================
        ==END gift giving==================================
        ==BEGIN party supplies================================
        ==END party supplies==================================
        ==BEGIN special effects================================
        ==END special effects==================================
        ==BEGIN trophies & awards================================
        ==END trophies & awards==================================
        ==BEGIN corsage & boutonnière pins================================
        ==END corsage & boutonnière pins==================================
        ==BEGIN corsages & boutonnières================================
        ==END corsages & boutonnières==================================
        ==BEGIN fresh cut flowers================================
        ==END fresh cut flowers==================================
        ==BEGIN gift cards & certificates================================
        ==END gift cards & certificates==================================
==END Party & Celebration========================================
==BEGIN Party Supplies======================================
        ==BEGIN advice cards================================
        ==END advice cards==================================
        ==BEGIN balloon kits================================
        ==END balloon kits==================================
        ==BEGIN balloons================================
        ==END balloons==================================
        ==BEGIN banners================================
        ==END banners==================================
        ==BEGIN birthday candles================================
        ==END birthday candles==================================
        ==BEGIN chair sashes================================
        ==END chair sashes==================================
        ==BEGIN cocktail decorations================================
        ==END cocktail decorations==================================
        ==BEGIN confetti================================
        ==END confetti==================================
==END Party Supplies========================================
==BEGIN Toys======================================
        ==BEGIN activity toys================================
        ==END activity toys==================================
        ==BEGIN art & drawing toys================================
        ==END art & drawing toys==================================
        ==BEGIN ball pit accessories================================
        ==END ball pit accessories==================================
        ==BEGIN ball pits================================
        ==END ball pits==================================
        ==BEGIN bath toys================================
        ==END bath toys==================================
        ==BEGIN beach & sand toys================================
        ==END beach & sand toys==================================
        ==BEGIN building toys================================
        ==END building toys==================================
        ==BEGIN dolls, playsets & toy figures================================
        ==END dolls, playsets & toy figures==================================
==END Toys========================================
==BEGIN Outdoor Play Equipment======================================
        ==BEGIN inflatable bouncer accessories================================
        ==END inflatable bouncer accessories==================================
        ==BEGIN inflatable bouncers================================
        ==END inflatable bouncers==================================
        ==BEGIN play swings================================
        ==END play swings==================================
        ==BEGIN play tents & tunnels================================
        ==END play tents & tunnels==================================
        ==BEGIN playhouses================================
        ==END playhouses==================================
        ==BEGIN pogo sticks================================
        ==END pogo sticks==================================
        ==BEGIN sandboxes================================
        ==END sandboxes==================================
        ==BEGIN see saws================================
        ==END see saws==================================
==END Outdoor Play Equipment========================================
==BEGIN Puzzles======================================
        ==BEGIN jigsaw puzzle accessories================================
        ==END jigsaw puzzle accessories==================================
        ==BEGIN jigsaw puzzles================================
        ==END jigsaw puzzles==================================
        ==BEGIN mechanical puzzles================================
        ==END mechanical puzzles==================================
        ==BEGIN wooden & pegged puzzles================================
        ==END wooden & pegged puzzles==================================
