load_categories DONE

load_google_json DONE

==BEGIN Household Paper Products======================================
        ==BEGIN Household Paper Products================================
        ==END Household Paper Products==================================
==END Household Paper Products========================================
==BEGIN Laundry Supplies======================================
        ==BEGIN bleach================================
        ==END bleach==================================
        ==BEGIN clothespins================================
        ==END clothespins==================================
        ==BEGIN dry cleaning kits================================
        ==END dry cleaning kits==================================
        ==BEGIN drying racks & hangers================================
        ==END drying racks & hangers==================================
        ==BEGIN fabric refreshers================================
        ==END fabric refreshers==================================
        ==BEGIN fabric shavers================================
        ==END fabric shavers==================================
        ==BEGIN fabric softeners & dryer sheets================================
        ==END fabric softeners & dryer sheets==================================
        ==BEGIN fabric stain removers================================
        ==END fabric stain removers==================================
==END Laundry Supplies========================================
==BEGIN Plants======================================
        ==BEGIN aquatic plants================================
        ==END aquatic plants==================================
        ==BEGIN flowers================================
        ==END flowers==================================
        ==BEGIN indoor & outdoor plants================================
        ==END indoor & outdoor plants==================================
        ==BEGIN plant & herb growing kits================================
        ==END plant & herb growing kits==================================
        ==BEGIN seeds================================
        ==END seeds==================================
        ==BEGIN trees================================
        ==END trees==================================
        ==BEGIN bushes & shrubs================================
        ==END bushes & shrubs==================================
        ==BEGIN landscaping & garden plants================================
        ==END landscaping & garden plants==================================
==END Plants========================================
==BEGIN Aquatic Plants======================================
        ==BEGIN aquatic plants================================
        ==END aquatic plants==================================
==END Aquatic Plants========================================
==BEGIN Flowers======================================
        ==BEGIN flowers================================
        ==END flowers==================================
==END Flowers========================================
==BEGIN Indoor & Outdoor Plants======================================
        ==BEGIN bushes & shrubs================================
        ==END bushes & shrubs==================================
        ==BEGIN landscaping & garden plants================================
        ==END landscaping & garden plants==================================
        ==BEGIN potted houseplants================================
        ==END potted houseplants==================================
==END Indoor & Outdoor Plants========================================
==BEGIN Trees======================================
        ==BEGIN trees================================
        ==END trees==================================
==END Trees========================================
==BEGIN Emergency Preparedness======================================
        ==BEGIN earthquake alarms================================
        ==END earthquake alarms==================================
        ==BEGIN emergency blankets================================
        ==END emergency blankets==================================
        ==BEGIN emergency food kits================================
        ==END emergency food kits==================================
        ==BEGIN emergency tools & kits================================
        ==END emergency tools & kits==================================
        ==BEGIN furniture anchors================================
        ==END furniture anchors==================================
==END Emergency Preparedness========================================
==BEGIN Bathroom Accessories======================================
        ==BEGIN bath caddies================================
        ==END bath caddies==================================
        ==BEGIN bath mats & rugs================================
        ==END bath mats & rugs==================================
        ==BEGIN bath pillows================================
        ==END bath pillows==================================
        ==BEGIN bathroom accessory mounts================================
        ==END bathroom accessory mounts==================================
        ==BEGIN bathroom accessory sets================================
        ==END bathroom accessory sets==================================
        ==BEGIN facial tissue holders================================
        ==END facial tissue holders==================================
        ==BEGIN hand dryer accessories================================
        ==END hand dryer accessories==================================
        ==BEGIN hand dryers================================
        ==END hand dryers==================================
==END Bathroom Accessories========================================
==BEGIN Linens & Bedding======================================
        ==BEGIN bedding================================
        ==END bedding==================================
        ==BEGIN kitchen linens sets================================
        ==END kitchen linens sets==================================
        ==BEGIN table linens================================
        ==END table linens==================================
        ==BEGIN towels================================
        ==END towels==================================
        ==BEGIN bed canopies================================
        ==END bed canopies==================================
        ==BEGIN bed sheets================================
        ==END bed sheets==================================
        ==BEGIN bedskirts================================
        ==END bedskirts==================================
        ==BEGIN blankets================================
        ==END blankets==================================
==END Linens & Bedding========================================
==BEGIN Bedding======================================
        ==BEGIN bed canopies================================
        ==END bed canopies==================================
        ==BEGIN bed sheets================================
        ==END bed sheets==================================
        ==BEGIN bedskirts================================
        ==END bedskirts==================================
        ==BEGIN blankets================================
        ==END blankets==================================
        ==BEGIN duvet covers================================
        ==END duvet covers==================================
        ==BEGIN mattress protectors================================
        ==END mattress protectors==================================
        ==BEGIN nap mats================================
        ==END nap mats==================================
        ==BEGIN pillowcases & shams================================
        ==END pillowcases & shams==================================
==END Bedding========================================
==BEGIN Kitchen Linens Sets======================================
        ==BEGIN kitchen linens sets================================
        ==END kitchen linens sets==================================
==END Kitchen Linens Sets========================================
==BEGIN Lighting======================================
        ==BEGIN emergency lighting================================
        ==END emergency lighting==================================
        ==BEGIN floating & submersible lights================================
        ==END floating & submersible lights==================================
        ==BEGIN flood & spot lights================================
        ==END flood & spot lights==================================
        ==BEGIN in-ground lights================================
        ==END in-ground lights==================================
        ==BEGIN lamps================================
        ==END lamps==================================
        ==BEGIN landscape pathway lighting================================
        ==END landscape pathway lighting==================================
        ==BEGIN light bulbs================================
        ==END light bulbs==================================
        ==BEGIN light ropes & strings================================
        ==END light ropes & strings==================================
==END Lighting========================================
==BEGIN Emergency Lighting======================================
        ==BEGIN emergency lighting================================
        ==END emergency lighting==================================
==END Emergency Lighting========================================
==BEGIN Night Lights & Ambient Lighting======================================
        ==BEGIN night lights & ambient lighting================================
        ==END night lights & ambient lighting==================================
==END Night Lights & Ambient Lighting========================================
==BEGIN Household Appliances======================================
        ==BEGIN climate control appliances================================
        ==END climate control appliances==================================
        ==BEGIN floor & carpet dryers================================
        ==END floor & carpet dryers==================================
        ==BEGIN floor & steam cleaners================================
        ==END floor & steam cleaners==================================
        ==BEGIN floor polishers & buffers================================
        ==END floor polishers & buffers==================================
        ==BEGIN futon dryers================================
        ==END futon dryers==================================
        ==BEGIN garage door keypads & remotes================================
        ==END garage door keypads & remotes==================================
        ==BEGIN garage door openers================================
        ==END garage door openers==================================
        ==BEGIN laundry appliances================================
        ==END laundry appliances==================================
==END Household Appliances========================================
==BEGIN Climate Control Appliances======================================
        ==BEGIN air conditioners================================
        ==END air conditioners==================================
        ==BEGIN air purifiers================================
        ==END air purifiers==================================
        ==BEGIN dehumidifiers================================
        ==END dehumidifiers==================================
        ==BEGIN duct heaters================================
        ==END duct heaters==================================
        ==BEGIN evaporative coolers================================
        ==END evaporative coolers==================================
        ==BEGIN fans================================
        ==END fans==================================
        ==BEGIN furnaces & boilers================================
        ==END furnaces & boilers==================================
        ==BEGIN heating radiators================================
        ==END heating radiators==================================
==END Climate Control Appliances========================================
==BEGIN Floor & Carpet Dryers======================================
        ==BEGIN Floor & Carpet Dryers================================
        ==END Floor & Carpet Dryers==================================
==END Floor & Carpet Dryers========================================
==BEGIN Floor & Steam Cleaners======================================
        ==BEGIN carpet shampooers================================
        ==END carpet shampooers==================================
        ==BEGIN carpet steamers================================
        ==END carpet steamers==================================
        ==BEGIN floor scrubbers================================
        ==END floor scrubbers==================================
        ==BEGIN steam mops================================
        ==END steam mops==================================
==END Floor & Steam Cleaners========================================
==BEGIN Futon Dryers======================================
        ==BEGIN futon dryers================================
        ==END futon dryers==================================
==END Futon Dryers========================================
==BEGIN Laundry Appliances======================================
        ==BEGIN dryers================================
        ==END dryers==================================
        ==BEGIN garment steamers================================
        ==END garment steamers==================================
        ==BEGIN irons & ironing systems================================
        ==END irons & ironing systems==================================
        ==BEGIN laundry combo units================================
        ==END laundry combo units==================================
        ==BEGIN steam presses================================
        ==END steam presses==================================
        ==BEGIN washing machines================================
        ==END washing machines==================================
==END Laundry Appliances========================================
==BEGIN Vacuums======================================
        ==BEGIN vacuums================================
        ==END vacuums==================================
==END Vacuums========================================
==BEGIN Water Heaters======================================
        ==BEGIN water heaters================================
        ==END water heaters==================================
==END Water Heaters========================================
==BEGIN Outdoor Power Equipment======================================
        ==BEGIN chainsaws================================
        ==END chainsaws==================================
        ==BEGIN grass edgers================================
        ==END grass edgers==================================
        ==BEGIN hedge trimmers================================
        ==END hedge trimmers==================================
        ==BEGIN lawn aerators & dethatchers================================
        ==END lawn aerators & dethatchers==================================
        ==BEGIN lawn mowers================================
        ==END lawn mowers==================================
        ==BEGIN lawn vacuums================================
        ==END lawn vacuums==================================
        ==BEGIN leaf blowers================================
        ==END leaf blowers==================================
        ==BEGIN outdoor power equipment base units================================
        ==END outdoor power equipment base units==================================
==END Outdoor Power Equipment========================================
==BEGIN Animals & Pet Supplies======================================
        ==BEGIN live animals================================
        ==END live animals==================================
        ==BEGIN pet supplies================================
        ==END pet supplies==================================
        ==BEGIN bird supplies================================
        ==END bird supplies==================================
        ==BEGIN cat supplies================================
        ==END cat supplies==================================
        ==BEGIN dog supplies================================
        ==END dog supplies==================================
        ==BEGIN fish supplies================================
        ==END fish supplies==================================
        ==BEGIN pet agility equipment================================
        ==END pet agility equipment==================================
        ==BEGIN pet apparel hangers================================
        ==END pet apparel hangers==================================
==END Animals & Pet Supplies========================================
==BEGIN Bird Supplies======================================
        ==BEGIN bird cage accessories================================
        ==END bird cage accessories==================================
        ==BEGIN bird cages & stands================================
        ==END bird cages & stands==================================
        ==BEGIN bird food================================
        ==END bird food==================================
        ==BEGIN bird gyms & playstands================================
        ==END bird gyms & playstands==================================
        ==BEGIN bird ladders & perches================================
        ==END bird ladders & perches==================================
        ==BEGIN bird toys================================
        ==END bird toys==================================
        ==BEGIN bird treats================================
        ==END bird treats==================================
        ==BEGIN bird cage bird baths================================
        ==END bird cage bird baths==================================
==END Bird Supplies========================================
==BEGIN Cat Supplies======================================
        ==BEGIN cat apparel================================
        ==END cat apparel==================================
        ==BEGIN cat beds================================
        ==END cat beds==================================
        ==BEGIN cat food================================
        ==END cat food==================================
        ==BEGIN cat furniture================================
        ==END cat furniture==================================
        ==BEGIN cat furniture accessories================================
        ==END cat furniture accessories==================================
        ==BEGIN cat litter================================
        ==END cat litter==================================
        ==BEGIN cat litter box liners================================
        ==END cat litter box liners==================================
        ==BEGIN cat litter box mats================================
        ==END cat litter box mats==================================
==END Cat Supplies========================================
==BEGIN Dog Supplies======================================
        ==BEGIN dog apparel================================
        ==END dog apparel==================================
        ==BEGIN dog beds================================
        ==END dog beds==================================
        ==BEGIN dog diaper pads & liners================================
        ==END dog diaper pads & liners==================================
        ==BEGIN dog diapers================================
        ==END dog diapers==================================
        ==BEGIN dog food================================
        ==END dog food==================================
        ==BEGIN dog houses================================
        ==END dog houses==================================
        ==BEGIN dog kennel & run accessories================================
        ==END dog kennel & run accessories==================================
        ==BEGIN dog kennels & runs================================
        ==END dog kennels & runs==================================
==END Dog Supplies========================================
==BEGIN Fish Supplies======================================
        ==BEGIN aquarium & pond tubing================================
        ==END aquarium & pond tubing==================================
        ==BEGIN aquarium air stones & diffusers================================
        ==END aquarium air stones & diffusers==================================
        ==BEGIN aquarium cleaning supplies================================
        ==END aquarium cleaning supplies==================================
        ==BEGIN aquarium decor================================
        ==END aquarium decor==================================
        ==BEGIN aquarium filters================================
        ==END aquarium filters==================================
        ==BEGIN aquarium fish nets================================
        ==END aquarium fish nets==================================
        ==BEGIN aquarium gravel & substrates================================
        ==END aquarium gravel & substrates==================================
        ==BEGIN aquarium lighting================================
        ==END aquarium lighting==================================
==END Fish Supplies========================================
==BEGIN Vehicles & Parts======================================
        ==BEGIN vehicle parts & accessories================================
        ==END vehicle parts & accessories==================================
        ==BEGIN vehicles================================
        ==END vehicles==================================
        ==BEGIN aircraft parts & accessories================================
        ==END aircraft parts & accessories==================================
        ==BEGIN motor vehicle electronics================================
        ==END motor vehicle electronics==================================
        ==BEGIN motor vehicle parts================================
        ==END motor vehicle parts==================================
        ==BEGIN vehicle maintenance, care & decor================================
        ==END vehicle maintenance, care & decor==================================
        ==BEGIN vehicle safety & security================================
        ==END vehicle safety & security==================================
        ==BEGIN vehicle storage & cargo================================
        ==END vehicle storage & cargo==================================
==END Vehicles & Parts========================================
==============================================
ALL COMPLECTED!

