load_categories DONE

load_google_json DONE

==BEGIN Furniture======================================
        ==BEGIN baby & toddler furniture================================
        ==END baby & toddler furniture==================================
        ==BEGIN beds & accessories================================
        ==END beds & accessories==================================
        ==BEGIN benches================================
        ==END benches==================================
        ==BEGIN cabinets & storage================================
        ==END cabinets & storage==================================
        ==BEGIN carts & islands================================
        ==END carts & islands==================================
        ==BEGIN chair accessories================================
        ==END chair accessories==================================
        ==BEGIN chairs================================
        ==END chairs==================================
        ==BEGIN entertainment centers & tv stands================================
        ==END entertainment centers & tv stands==================================
==END Furniture========================================
==BEGIN Outdoor Furniture======================================
        ==BEGIN outdoor beds================================
        ==END outdoor beds==================================
        ==BEGIN outdoor furniture sets================================
        ==END outdoor furniture sets==================================
        ==BEGIN outdoor ottomans================================
        ==END outdoor ottomans==================================
        ==BEGIN outdoor seating================================
        ==END outdoor seating==================================
        ==BEGIN outdoor storage boxes================================
        ==END outdoor storage boxes==================================
        ==BEGIN outdoor tables================================
        ==END outdoor tables==================================
        ==BEGIN outdoor benches================================
        ==END outdoor benches==================================
        ==BEGIN outdoor chairs================================
        ==END outdoor chairs==================================
==END Outdoor Furniture========================================
==BEGIN Office Furniture======================================
        ==BEGIN desks================================
        ==END desks==================================
        ==BEGIN office chairs================================
        ==END office chairs==================================
        ==BEGIN office furniture sets================================
        ==END office furniture sets==================================
        ==BEGIN workspace tables================================
        ==END workspace tables==================================
        ==BEGIN workstations & cubicles================================
        ==END workstations & cubicles==================================
        ==BEGIN art & drafting tables================================
        ==END art & drafting tables==================================
        ==BEGIN conference room tables================================
        ==END conference room tables==================================
==END Office Furniture========================================
==BEGIN Chairs======================================
        ==BEGIN arm chairs, recliners & sleeper chairs================================
        ==END arm chairs, recliners & sleeper chairs==================================
        ==BEGIN bean bag chairs================================
        ==END bean bag chairs==================================
        ==BEGIN chaises================================
        ==END chaises==================================
        ==BEGIN electric massaging chairs================================
        ==END electric massaging chairs==================================
        ==BEGIN floor chairs================================
        ==END floor chairs==================================
        ==BEGIN folding chairs & stools================================
        ==END folding chairs & stools==================================
        ==BEGIN gaming chairs================================
        ==END gaming chairs==================================
        ==BEGIN hanging chairs================================
        ==END hanging chairs==================================
==END Chairs========================================
==BEGIN Baby & Toddler Furniture======================================
        ==BEGIN baby & toddler furniture sets================================
        ==END baby & toddler furniture sets==================================
        ==BEGIN bassinet & cradle accessories================================
        ==END bassinet & cradle accessories==================================
        ==BEGIN bassinets & cradles================================
        ==END bassinets & cradles==================================
        ==BEGIN changing tables================================
        ==END changing tables==================================
        ==BEGIN crib & toddler bed accessories================================
        ==END crib & toddler bed accessories==================================
        ==BEGIN cribs & toddler beds================================
        ==END cribs & toddler beds==================================
        ==BEGIN high chair & booster seat accessories================================
        ==END high chair & booster seat accessories==================================
        ==BEGIN high chairs & booster seats================================
        ==END high chairs & booster seats==================================
==END Baby & Toddler Furniture========================================
==BEGIN Tables======================================
        ==BEGIN accent tables================================
        ==END accent tables==================================
        ==BEGIN activity tables================================
        ==END activity tables==================================
        ==BEGIN folding tables================================
        ==END folding tables==================================
        ==BEGIN kitchen & dining room tables================================
        ==END kitchen & dining room tables==================================
        ==BEGIN kotatsu================================
        ==END kotatsu==================================
        ==BEGIN nightstands================================
        ==END nightstands==================================
        ==BEGIN poker & game tables================================
        ==END poker & game tables==================================
        ==BEGIN sewing machine tables================================
        ==END sewing machine tables==================================
==END Tables========================================
==BEGIN Cabinets & Storage======================================
        ==BEGIN armoires & wardrobes================================
        ==END armoires & wardrobes==================================
        ==BEGIN buffets & sideboards================================
        ==END buffets & sideboards==================================
        ==BEGIN china cabinets & hutches================================
        ==END china cabinets & hutches==================================
        ==BEGIN dressers================================
        ==END dressers==================================
        ==BEGIN file cabinets================================
        ==END file cabinets==================================
        ==BEGIN ironing centers================================
        ==END ironing centers==================================
        ==BEGIN kitchen cabinets================================
        ==END kitchen cabinets==================================
        ==BEGIN magazine racks================================
        ==END magazine racks==================================
==END Cabinets & Storage========================================
==BEGIN Benches======================================
        ==BEGIN kitchen & dining benches================================
        ==END kitchen & dining benches==================================
        ==BEGIN storage & entryway benches================================
        ==END storage & entryway benches==================================
        ==BEGIN vanity benches================================
        ==END vanity benches==================================
==END Benches========================================
==BEGIN Shelving======================================
        ==BEGIN bookcases & standing shelves================================
        ==END bookcases & standing shelves==================================
        ==BEGIN wall shelves & ledges================================
        ==END wall shelves & ledges==================================
==END Shelving========================================
==BEGIN Sporting Goods======================================
        ==BEGIN athletics================================
        ==END athletics==================================
        ==BEGIN exercise & fitness================================
        ==END exercise & fitness==================================
        ==BEGIN indoor games================================
        ==END indoor games==================================
        ==BEGIN outdoor recreation================================
        ==END outdoor recreation==================================
        ==BEGIN american football================================
        ==END american football==================================
        ==BEGIN baseball & softball================================
        ==END baseball & softball==================================
        ==BEGIN basketball================================
        ==END basketball==================================
        ==BEGIN boxing & martial arts================================
        ==END boxing & martial arts==================================
==END Sporting Goods========================================
==BEGIN Indoor Games======================================
        ==BEGIN air hockey================================
        ==END air hockey==================================
        ==BEGIN billiards================================
        ==END billiards==================================
        ==BEGIN bowling================================
        ==END bowling==================================
        ==BEGIN foosball================================
        ==END foosball==================================
        ==BEGIN multi-game tables================================
        ==END multi-game tables==================================
        ==BEGIN ping pong================================
        ==END ping pong==================================
        ==BEGIN table shuffleboard================================
        ==END table shuffleboard==================================
        ==BEGIN throwing darts================================
        ==END throwing darts==================================
==END Indoor Games========================================
==BEGIN Exercise & Fitness======================================
        ==BEGIN ab wheels & rollers================================
        ==END ab wheels & rollers==================================
        ==BEGIN aerobic steps================================
        ==END aerobic steps==================================
        ==BEGIN balance trainers================================
        ==END balance trainers==================================
        ==BEGIN cardio================================
        ==END cardio==================================
        ==BEGIN exercise balls================================
        ==END exercise balls==================================
        ==BEGIN exercise bands================================
        ==END exercise bands==================================
        ==BEGIN exercise benches================================
        ==END exercise benches==================================
        ==BEGIN exercise equipment mats================================
        ==END exercise equipment mats==================================
==END Exercise & Fitness========================================
==BEGIN Athletics======================================
        ==BEGIN american football================================
        ==END american football==================================
        ==BEGIN baseball & softball================================
        ==END baseball & softball==================================
        ==BEGIN basketball================================
        ==END basketball==================================
        ==BEGIN boxing & martial arts================================
        ==END boxing & martial arts==================================
        ==BEGIN broomball equipment================================
        ==END broomball equipment==================================
        ==BEGIN cheerleading================================
        ==END cheerleading==================================
        ==BEGIN coaching & officiating================================
        ==END coaching & officiating==================================
        ==BEGIN cricket================================
        ==END cricket==================================
==END Athletics========================================
==BEGIN Outdoor Recreation======================================
        ==BEGIN boating & water sports================================
        ==END boating & water sports==================================
        ==BEGIN camping & hiking================================
        ==END camping & hiking==================================
        ==BEGIN climbing================================
        ==END climbing==================================
        ==BEGIN cycling================================
        ==END cycling==================================
        ==BEGIN equestrian================================
        ==END equestrian==================================
        ==BEGIN fishing================================
        ==END fishing==================================
        ==BEGIN golf================================
        ==END golf==================================
        ==BEGIN hang gliding & skydiving================================
        ==END hang gliding & skydiving==================================
==END Outdoor Recreation========================================
==BEGIN Boating & Water Sports======================================
        ==BEGIN boating & rafting================================
        ==END boating & rafting==================================
        ==BEGIN boating & water sport apparel================================
        ==END boating & water sport apparel==================================
        ==BEGIN diving & snorkeling================================
        ==END diving & snorkeling==================================
        ==BEGIN kitesurfing================================
        ==END kitesurfing==================================
        ==BEGIN surfing================================
        ==END surfing==================================
        ==BEGIN swimming================================
        ==END swimming==================================
        ==BEGIN towed water sports================================
        ==END towed water sports==================================
        ==BEGIN watercraft storage racks================================
        ==END watercraft storage racks==================================
==END Boating & Water Sports========================================
==BEGIN Camping & Hiking======================================
        ==BEGIN camp furniture================================
        ==END camp furniture==================================
        ==BEGIN camping cookware & dinnerware================================
        ==END camping cookware & dinnerware==================================
        ==BEGIN camping lights & lanterns================================
        ==END camping lights & lanterns==================================
        ==BEGIN camping tools================================
        ==END camping tools==================================
        ==BEGIN chemical hand warmers================================
        ==END chemical hand warmers==================================
        ==BEGIN compression sacks================================
        ==END compression sacks==================================
        ==BEGIN hiking pole accessories================================
        ==END hiking pole accessories==================================
        ==BEGIN hiking poles================================
        ==END hiking poles==================================
==END Camping & Hiking========================================
==BEGIN Climbing======================================
        ==BEGIN belay devices================================
        ==END belay devices==================================
        ==BEGIN carabiners================================
        ==END carabiners==================================
        ==BEGIN climbing apparel & accessories================================
        ==END climbing apparel & accessories==================================
        ==BEGIN climbing ascenders & descenders================================
        ==END climbing ascenders & descenders==================================
        ==BEGIN climbing chalk bags================================
        ==END climbing chalk bags==================================
        ==BEGIN climbing crash pads================================
        ==END climbing crash pads==================================
        ==BEGIN climbing harnesses================================
        ==END climbing harnesses==================================
        ==BEGIN climbing protection devices================================
        ==END climbing protection devices==================================
==END Climbing========================================
==BEGIN Cycling======================================
        ==BEGIN bicycle accessories================================
        ==END bicycle accessories==================================
        ==BEGIN bicycle parts================================
        ==END bicycle parts==================================
        ==BEGIN bicycles================================
        ==END bicycles==================================
        ==BEGIN cycling apparel & accessories================================
        ==END cycling apparel & accessories==================================
        ==BEGIN tricycle accessories================================
        ==END tricycle accessories==================================
        ==BEGIN tricycles================================
        ==END tricycles==================================
        ==BEGIN unicycle accessories================================
        ==END unicycle accessories==================================
        ==BEGIN unicycles================================
        ==END unicycles==================================
==END Cycling========================================
==BEGIN Fishing======================================
        ==BEGIN bite alarms================================
        ==END bite alarms==================================
        ==BEGIN fishing & hunting waders================================
        ==END fishing & hunting waders==================================
        ==BEGIN fishing bait & chum containers================================
        ==END fishing bait & chum containers==================================
        ==BEGIN fishing gaffs================================
        ==END fishing gaffs==================================
        ==BEGIN fishing hook removal tools================================
        ==END fishing hook removal tools==================================
        ==BEGIN fishing lines & leaders================================
        ==END fishing lines & leaders==================================
        ==BEGIN fishing nets================================
        ==END fishing nets==================================
        ==BEGIN fishing reel accessories================================
        ==END fishing reel accessories==================================
==END Fishing========================================
==BEGIN Golf======================================
        ==BEGIN divot tools================================
        ==END divot tools==================================
        ==BEGIN golf accessory sets================================
        ==END golf accessory sets==================================
        ==BEGIN golf bag accessories================================
        ==END golf bag accessories==================================
        ==BEGIN golf bags================================
        ==END golf bags==================================
        ==BEGIN golf ball markers================================
        ==END golf ball markers==================================
        ==BEGIN golf balls================================
        ==END golf balls==================================
        ==BEGIN golf club parts & accessories================================
        ==END golf club parts & accessories==================================
        ==BEGIN golf clubs================================
        ==END golf clubs==================================
==END Golf========================================
==BEGIN Hang Gliding & Skydiving======================================
        ==BEGIN air suits================================
        ==END air suits==================================
        ==BEGIN hang gliders================================
        ==END hang gliders==================================
        ==BEGIN parachutes================================
        ==END parachutes==================================
==END Hang Gliding & Skydiving========================================
==BEGIN Hunting & Shooting======================================
        ==BEGIN archery================================
        ==END archery==================================
        ==BEGIN clay pigeon shooting================================
        ==END clay pigeon shooting==================================
        ==BEGIN hunting & shooting protective gear================================
        ==END hunting & shooting protective gear==================================
        ==BEGIN hunting================================
        ==END hunting==================================
        ==BEGIN paintball & airsoft================================
        ==END paintball & airsoft==================================
        ==BEGIN shooting & range accessories================================
        ==END shooting & range accessories==================================
        ==BEGIN archery armguards================================
        ==END archery armguards==================================
        ==BEGIN archery gloves & releases================================
        ==END archery gloves & releases==================================
==END Hunting & Shooting========================================
==BEGIN Inline & Roller Skating======================================
        ==BEGIN inline & roller skating protective gear================================
        ==END inline & roller skating protective gear==================================
        ==BEGIN inline skate parts================================
        ==END inline skate parts==================================
        ==BEGIN inline skates================================
        ==END inline skates==================================
        ==BEGIN roller skate parts================================
        ==END roller skate parts==================================
        ==BEGIN roller skates================================
        ==END roller skates==================================
        ==BEGIN roller skis================================
        ==END roller skis==================================
        ==BEGIN roller skating pads================================
        ==END roller skating pads==================================
==END Inline & Roller Skating========================================
==BEGIN Skateboarding======================================
        ==BEGIN skate rails================================
        ==END skate rails==================================
        ==BEGIN skate ramps================================
        ==END skate ramps==================================
        ==BEGIN skateboard parts================================
        ==END skateboard parts==================================
        ==BEGIN skateboarding protective gear================================
        ==END skateboarding protective gear==================================
        ==BEGIN skateboards================================
        ==END skateboards==================================
        ==BEGIN skateboard decks================================
        ==END skateboard decks==================================
        ==BEGIN skateboard small parts================================
        ==END skateboard small parts==================================
        ==BEGIN skateboard trucks================================
        ==END skateboard trucks==================================
==END Skateboarding========================================
==BEGIN Winter Sports & Activities======================================
        ==BEGIN avalanche safety================================
        ==END avalanche safety==================================
        ==BEGIN skiing & snowboarding================================
        ==END skiing & snowboarding==================================
        ==BEGIN sleds================================
        ==END sleds==================================
        ==BEGIN snowshoeing================================
        ==END snowshoeing==================================
        ==BEGIN avalanche probes================================
        ==END avalanche probes==================================
        ==BEGIN avalanche safety airbags================================
        ==END avalanche safety airbags==================================
        ==BEGIN ski & snowboard bags================================
        ==END ski & snowboard bags==================================
        ==BEGIN ski & snowboard goggle accessories================================
        ==END ski & snowboard goggle accessories==================================
==END Winter Sports & Activities========================================
==BEGIN Business & Home Security======================================
        ==BEGIN dummy surveillance cameras================================
        ==END dummy surveillance cameras==================================
        ==BEGIN home alarm systems================================
        ==END home alarm systems==================================
        ==BEGIN motion sensors================================
        ==END motion sensors==================================
        ==BEGIN safety & security mirrors================================
        ==END safety & security mirrors==================================
        ==BEGIN security lights================================
        ==END security lights==================================
        ==BEGIN security monitors & recorders================================
        ==END security monitors & recorders==================================
        ==BEGIN security safe accessories================================
        ==END security safe accessories==================================
        ==BEGIN security safes================================
        ==END security safes==================================
==END Business & Home Security========================================
==BEGIN Dummy Surveillance Cameras======================================
        ==BEGIN Dummy Surveillance Cameras================================
        ==END Dummy Surveillance Cameras==================================
==END Dummy Surveillance Cameras========================================
==BEGIN Home Alarm Systems======================================
        ==BEGIN home alarm systems================================
        ==END home alarm systems==================================
==END Home Alarm Systems========================================
==BEGIN Household Supplies======================================
        ==BEGIN drawer & shelf liners================================
        ==END drawer & shelf liners==================================
        ==BEGIN floor protection films & runners================================
        ==END floor protection films & runners==================================
        ==BEGIN furniture floor protectors================================
        ==END furniture floor protectors==================================
        ==BEGIN garage floor mats================================
        ==END garage floor mats==================================
        ==BEGIN garbage bags================================
        ==END garbage bags==================================
        ==BEGIN household cleaning supplies================================
        ==END household cleaning supplies==================================
        ==BEGIN household paper products================================
        ==END household paper products==================================
        ==BEGIN household thermometers================================
        ==END household thermometers==================================
==END Household Supplies========================================
==BEGIN Household Cleaning Supplies======================================
        ==BEGIN broom & mop handles================================
        ==END broom & mop handles==================================
        ==BEGIN broom heads================================
        ==END broom heads==================================
        ==BEGIN brooms================================
        ==END brooms==================================
        ==BEGIN buckets================================
        ==END buckets==================================
        ==BEGIN carpet sweepers================================
        ==END carpet sweepers==================================
        ==BEGIN cleaning gloves================================
        ==END cleaning gloves==================================
        ==BEGIN duster refills================================
        ==END duster refills==================================
        ==BEGIN dusters================================
        ==END dusters==================================
==END Household Cleaning Supplies========================================
==============================================
ALL COMPLECTED!

