load_categories DONE

load_google_json DONE

==BEGIN Motor Vehicles======================================
        ==BEGIN cars, trucks & vans================================
        ==END cars, trucks & vans==================================
        ==BEGIN golf carts================================
        ==END golf carts==================================
        ==BEGIN motorcycles & scooters================================
        ==END motorcycles & scooters==================================
        ==BEGIN off-road and all-terrain vehicles================================
        ==END off-road and all-terrain vehicles==================================
        ==BEGIN recreational vehicles================================
        ==END recreational vehicles==================================
        ==BEGIN snowmobiles================================
        ==END snowmobiles==================================
        ==BEGIN atvs & utvs================================
        ==END atvs & utvs==================================
        ==BEGIN go karts & dune buggies================================
        ==END go karts & dune buggies==================================
==END Motor Vehicles========================================
==BEGIN Tobacco Products======================================
        ==BEGIN chewing tobacco================================
        ==END chewing tobacco==================================
        ==BEGIN cigarettes================================
        ==END cigarettes==================================
        ==BEGIN cigars================================
        ==END cigars==================================
        ==BEGIN loose tobacco================================
        ==END loose tobacco==================================
        ==BEGIN smoking pipes================================
        ==END smoking pipes==================================
        ==BEGIN vaporizers & electronic cigarettes================================
        ==END vaporizers & electronic cigarettes==================================
        ==BEGIN electronic cigarettes================================
        ==END electronic cigarettes==================================
        ==BEGIN vaporizers================================
        ==END vaporizers==================================
==END Tobacco Products========================================
==BEGIN Food Items======================================
        ==BEGIN bakery================================
        ==END bakery==================================
        ==BEGIN candied & chocolate covered fruit================================
        ==END candied & chocolate covered fruit==================================
        ==BEGIN candy & chocolate================================
        ==END candy & chocolate==================================
        ==BEGIN condiments & sauces================================
        ==END condiments & sauces==================================
        ==BEGIN cooking & baking ingredients================================
        ==END cooking & baking ingredients==================================
        ==BEGIN dairy products================================
        ==END dairy products==================================
        ==BEGIN dips & spreads================================
        ==END dips & spreads==================================
        ==BEGIN food gift baskets================================
        ==END food gift baskets==================================
==END Food Items========================================
==BEGIN Beverages======================================
        ==BEGIN alcoholic beverages================================
        ==END alcoholic beverages==================================
        ==BEGIN buttermilk================================
        ==END buttermilk==================================
        ==BEGIN coffee================================
        ==END coffee==================================
        ==BEGIN eggnog================================
        ==END eggnog==================================
        ==BEGIN fruit flavored drinks================================
        ==END fruit flavored drinks==================================
        ==BEGIN hot chocolate================================
        ==END hot chocolate==================================
        ==BEGIN juice================================
        ==END juice==================================
        ==BEGIN milk================================
        ==END milk==================================
==END Beverages========================================
==BEGIN Coffee======================================
        ==BEGIN coffee================================
        ==END coffee==================================
==END Coffee========================================
==BEGIN Tea & Infusions======================================
        ==BEGIN tea & infusions================================
        ==END tea & infusions==================================
==END Tea & Infusions========================================
==BEGIN Memorial Ceremony Supplies======================================
        ==BEGIN memorial urns================================
        ==END memorial urns==================================
==END Memorial Ceremony Supplies========================================
==BEGIN Wedding Ceremony Supplies======================================
        ==BEGIN aisle runners================================
        ==END aisle runners==================================
        ==BEGIN flower girl baskets================================
        ==END flower girl baskets==================================
        ==BEGIN ring pillows & holders================================
        ==END ring pillows & holders==================================
==END Wedding Ceremony Supplies========================================
==BEGIN Religious Items======================================
        ==BEGIN prayer beads================================
        ==END prayer beads==================================
        ==BEGIN prayer cards================================
        ==END prayer cards==================================
        ==BEGIN religious altars================================
        ==END religious altars==================================
        ==BEGIN religious veils================================
        ==END religious veils==================================
        ==BEGIN tarot cards================================
        ==END tarot cards==================================
==END Religious Items========================================
==BEGIN Magazines & Newspapers======================================
        ==BEGIN magazines================================
        ==END magazines==================================
        ==BEGIN newspapers================================
        ==END newspapers==================================
==END Magazines & Newspapers========================================
==BEGIN Books======================================
        ==BEGIN audiobooks================================
        ==END audiobooks==================================
        ==BEGIN e-books================================
        ==END e-books==================================
        ==BEGIN print books================================
        ==END print books==================================
==END Books========================================
==BEGIN Music & Sound Recordings======================================
        ==BEGIN digital music downloads================================
        ==END digital music downloads==================================
        ==BEGIN music cds================================
        ==END music cds==================================
        ==BEGIN music cassette tapes================================
        ==END music cassette tapes==================================
        ==BEGIN records & lps================================
        ==END records & lps==================================
        ==BEGIN spoken word & field recordings================================
        ==END spoken word & field recordings==================================
==END Music & Sound Recordings========================================
==BEGIN DVDs & Videos======================================
        ==BEGIN film & television dvds================================
        ==END film & television dvds==================================
        ==BEGIN film & television digital downloads================================
        ==END film & television digital downloads==================================
        ==BEGIN film & television vhs tapes================================
        ==END film & television vhs tapes==================================
==END DVDs & Videos========================================
==BEGIN Computer Software======================================
        ==BEGIN antivirus & security software================================
        ==END antivirus & security software==================================
        ==BEGIN business & productivity software================================
        ==END business & productivity software==================================
        ==BEGIN compilers & programming tools================================
        ==END compilers & programming tools==================================
        ==BEGIN computer utilities & maintenance software================================
        ==END computer utilities & maintenance software==================================
        ==BEGIN dictionary & translation software================================
        ==END dictionary & translation software==================================
        ==BEGIN educational software================================
        ==END educational software==================================
        ==BEGIN financial, tax & accounting software================================
        ==END financial, tax & accounting software==================================
        ==BEGIN gps map data & software================================
        ==END gps map data & software==================================
==END Computer Software========================================
==BEGIN Digital Goods & Currency======================================
        ==BEGIN computer icons================================
        ==END computer icons==================================
        ==BEGIN desktop wallpaper================================
        ==END desktop wallpaper==================================
        ==BEGIN digital artwork================================
        ==END digital artwork==================================
        ==BEGIN document templates================================
        ==END document templates==================================
        ==BEGIN fonts================================
        ==END fonts==================================
        ==BEGIN stock photographs & video footage================================
        ==END stock photographs & video footage==================================
        ==BEGIN virtual currency================================
        ==END virtual currency==================================
==END Digital Goods & Currency========================================
==BEGIN Optics======================================
        ==BEGIN binoculars================================
        ==END binoculars==================================
        ==BEGIN monoculars================================
        ==END monoculars==================================
        ==BEGIN rangefinders================================
        ==END rangefinders==================================
        ==BEGIN scopes================================
        ==END scopes==================================
        ==BEGIN spotting scopes================================
        ==END spotting scopes==================================
        ==BEGIN telescopes================================
        ==END telescopes==================================
        ==BEGIN weapon scopes & sights================================
        ==END weapon scopes & sights==================================
==END Optics========================================
==BEGIN Cameras======================================
        ==BEGIN borescopes================================
        ==END borescopes==================================
        ==BEGIN digital cameras================================
        ==END digital cameras==================================
        ==BEGIN disposable cameras================================
        ==END disposable cameras==================================
        ==BEGIN film cameras================================
        ==END film cameras==================================
        ==BEGIN surveillance cameras================================
        ==END surveillance cameras==================================
        ==BEGIN trail cameras================================
        ==END trail cameras==================================
        ==BEGIN video cameras================================
        ==END video cameras==================================
        ==BEGIN webcams================================
        ==END webcams==================================
==END Cameras========================================
==BEGIN Office Supplies======================================
        ==BEGIN book accessories================================
        ==END book accessories==================================
        ==BEGIN desk pads & blotters================================
        ==END desk pads & blotters==================================
        ==BEGIN filing & organization================================
        ==END filing & organization==================================
        ==BEGIN general office supplies================================
        ==END general office supplies==================================
        ==BEGIN impulse sealers================================
        ==END impulse sealers==================================
        ==BEGIN lap desks================================
        ==END lap desks==================================
        ==BEGIN name plates================================
        ==END name plates==================================
        ==BEGIN office & chair mats================================
        ==END office & chair mats==================================
==END Office Supplies========================================
==BEGIN Paper Handling======================================
        ==BEGIN fingertip grips================================
        ==END fingertip grips==================================
        ==BEGIN hole punches================================
        ==END hole punches==================================
        ==BEGIN paper folding machines================================
        ==END paper folding machines==================================
        ==BEGIN paper joggers================================
        ==END paper joggers==================================
        ==BEGIN paperweights================================
        ==END paperweights==================================
        ==BEGIN pencil boards================================
        ==END pencil boards==================================
==END Paper Handling========================================
==BEGIN Office Equipment======================================
        ==BEGIN calculator accessories================================
        ==END calculator accessories==================================
        ==BEGIN calculators================================
        ==END calculators==================================
        ==BEGIN electronic dictionaries & translators================================
        ==END electronic dictionaries & translators==================================
        ==BEGIN label makers================================
        ==END label makers==================================
        ==BEGIN laminators================================
        ==END laminators==================================
        ==BEGIN office shredders================================
        ==END office shredders==================================
        ==BEGIN postage meters================================
        ==END postage meters==================================
        ==BEGIN time & attendance clocks================================
        ==END time & attendance clocks==================================
==END Office Equipment========================================
==BEGIN Baby & Toddler======================================
        ==BEGIN baby bathing================================
        ==END baby bathing==================================
        ==BEGIN baby gift sets================================
        ==END baby gift sets==================================
        ==BEGIN baby health================================
        ==END baby health==================================
        ==BEGIN baby safety================================
        ==END baby safety==================================
        ==BEGIN baby toys & activity equipment================================
        ==END baby toys & activity equipment==================================
        ==BEGIN baby transport================================
        ==END baby transport==================================
        ==BEGIN baby transport accessories================================
        ==END baby transport accessories==================================
        ==BEGIN diapering================================
        ==END diapering==================================
==END Baby & Toddler========================================
==BEGIN Building Consumables======================================
        ==BEGIN chemicals================================
        ==END chemicals==================================
        ==BEGIN hardware glue & adhesives================================
        ==END hardware glue & adhesives==================================
        ==BEGIN hardware tape================================
        ==END hardware tape==================================
        ==BEGIN lubricants================================
        ==END lubricants==================================
        ==BEGIN masonry consumables================================
        ==END masonry consumables==================================
        ==BEGIN painting consumables================================
        ==END painting consumables==================================
        ==BEGIN plumbing primer================================
        ==END plumbing primer==================================
        ==BEGIN protective coatings & sealants================================
        ==END protective coatings & sealants==================================
==END Building Consumables========================================
==BEGIN Tools======================================
        ==BEGIN abrasive blasters================================
        ==END abrasive blasters==================================
        ==BEGIN anvils================================
        ==END anvils==================================
        ==BEGIN axes================================
        ==END axes==================================
        ==BEGIN carpentry jointers================================
        ==END carpentry jointers==================================
        ==BEGIN carving chisels & gouges================================
        ==END carving chisels & gouges==================================
        ==BEGIN caulking tools================================
        ==END caulking tools==================================
        ==BEGIN chimney brushes================================
        ==END chimney brushes==================================
        ==BEGIN compactors================================
        ==END compactors==================================
==END Tools========================================
==BEGIN Power & Electrical Supplies======================================
        ==BEGIN armatures, rotors & stators================================
        ==END armatures, rotors & stators==================================
        ==BEGIN ballasts & starters================================
        ==END ballasts & starters==================================
        ==BEGIN carbon brushes================================
        ==END carbon brushes==================================
        ==BEGIN circuit breaker panels================================
        ==END circuit breaker panels==================================
        ==BEGIN conduit & housings================================
        ==END conduit & housings==================================
        ==BEGIN electrical motors================================
        ==END electrical motors==================================
        ==BEGIN electrical mount boxes & brackets================================
        ==END electrical mount boxes & brackets==================================
        ==BEGIN electrical plug caps================================
        ==END electrical plug caps==================================
==END Power & Electrical Supplies========================================
==BEGIN Heating, Ventilation & Air Conditioning======================================
        ==BEGIN air & filter dryers================================
        ==END air & filter dryers==================================
        ==BEGIN air ducts================================
        ==END air ducts==================================
        ==BEGIN hvac controls================================
        ==END hvac controls==================================
        ==BEGIN vents & flues================================
        ==END vents & flues==================================
        ==BEGIN control panels================================
        ==END control panels==================================
        ==BEGIN humidistats================================
        ==END humidistats==================================
        ==BEGIN thermostats================================
        ==END thermostats==================================
==END Heating, Ventilation & Air Conditioning========================================
==BEGIN Building Materials======================================
        ==BEGIN countertops================================
        ==END countertops==================================
        ==BEGIN door hardware================================
        ==END door hardware==================================
        ==BEGIN doors================================
        ==END doors==================================
        ==BEGIN drywall================================
        ==END drywall==================================
        ==BEGIN flooring & carpet================================
        ==END flooring & carpet==================================
        ==BEGIN glass================================
        ==END glass==================================
        ==BEGIN handrails & railing systems================================
        ==END handrails & railing systems==================================
        ==BEGIN hatches================================
        ==END hatches==================================
==END Building Materials========================================
==BEGIN Electronics======================================
        ==BEGIN arcade equipment================================
        ==END arcade equipment==================================
        ==BEGIN audio================================
        ==END audio==================================
        ==BEGIN circuit boards & components================================
        ==END circuit boards & components==================================
        ==BEGIN communications================================
        ==END communications==================================
        ==BEGIN components================================
        ==END components==================================
        ==BEGIN computers================================
        ==END computers==================================
        ==BEGIN electronics accessories================================
        ==END electronics accessories==================================
        ==BEGIN gps accessories================================
        ==END gps accessories==================================
==END Electronics========================================
==BEGIN Marine Electronics======================================
        ==BEGIN fish finders================================
        ==END fish finders==================================
        ==BEGIN marine audio & video receivers================================
        ==END marine audio & video receivers==================================
        ==BEGIN marine chartplotters & gps================================
        ==END marine chartplotters & gps==================================
        ==BEGIN marine radar================================
        ==END marine radar==================================
        ==BEGIN marine radios================================
        ==END marine radios==================================
        ==BEGIN marine speakers================================
        ==END marine speakers==================================
==END Marine Electronics========================================
==BEGIN Communications======================================
        ==BEGIN answering machines================================
        ==END answering machines==================================
        ==BEGIN caller ids================================
        ==END caller ids==================================
        ==BEGIN communication radio accessories================================
        ==END communication radio accessories==================================
        ==BEGIN communication radios================================
        ==END communication radios==================================
        ==BEGIN intercom accessories================================
        ==END intercom accessories==================================
        ==BEGIN intercoms================================
        ==END intercoms==================================
        ==BEGIN pagers================================
        ==END pagers==================================
        ==BEGIN telephony================================
        ==END telephony==================================
==END Communications========================================
==BEGIN Networking======================================
        ==BEGIN bridges & routers================================
        ==END bridges & routers==================================
        ==BEGIN concentrators & multiplexers================================
        ==END concentrators & multiplexers==================================
        ==BEGIN hubs & switches================================
        ==END hubs & switches==================================
        ==BEGIN modem accessories================================
        ==END modem accessories==================================
        ==BEGIN modems================================
        ==END modems==================================
        ==BEGIN network cards & adapters================================
        ==END network cards & adapters==================================
        ==BEGIN network security & firewall devices================================
        ==END network security & firewall devices==================================
        ==BEGIN power over ethernet adapters================================
        ==END power over ethernet adapters==================================
==END Networking========================================
==============================================
ALL COMPLECTED!

